<?xml version="1.0" encoding="UTF-8"?>
<!-- Generated by org.testng.reporters.JUnitReportReporter -->
<testsuite hostname="DESKTOP-MAF25M2" name="com.bankguru.user.User_02_ValidateLoginForm" tests="5" failures="0" timestamp="23 Sep 2018 07:50:12 GMT" time="0.006" errors="0">
  <testcase name="TC_01_LoginWithEmailInvali" time="0.002" classname="com.bankguru.user.User_02_ValidateLoginForm"/>
  <testcase name="TC_03_LoginWithPasswordIncorrect" time="0.001" classname="com.bankguru.user.User_02_ValidateLoginForm"/>
  <testcase name="TC_05_LoginWithEmailandPasswordVali" time="0.001" classname="com.bankguru.user.User_02_ValidateLoginForm"/>
  <testcase name="TC_04_LoginWithPasswordlessthan6character" time="0.001" classname="com.bankguru.user.User_02_ValidateLoginForm"/>
  <testcase name="TC_02_LoginWithEmailIncorrect" time="0.001" classname="com.bankguru.user.User_02_ValidateLoginForm"/>
</testsuite> <!-- com.bankguru.user.User_02_ValidateLoginForm -->
