<?xml version="1.0" encoding="UTF-8"?>
<!-- Generated by org.testng.reporters.JUnitReportReporter -->
<testsuite hostname="DESKTOP-MAF25M2" name="com.bankguru.user.User_03_ValidatRegisterForm" tests="4" failures="0" timestamp="23 Sep 2018 07:50:12 GMT" time="0.005" errors="0">
  <testcase name="TC_01_RegisterWithEmailExisting" time="0.001" classname="com.bankguru.user.User_03_ValidatRegisterForm"/>
  <testcase name="TC_02_RegisterWithEmailIncorrect" time="0.001" classname="com.bankguru.user.User_03_ValidatRegisterForm"/>
  <testcase name="TC_04_RegisterWithEmailValid" time="0.002" classname="com.bankguru.user.User_03_ValidatRegisterForm"/>
  <testcase name="TC_03_RegisterWithEmailInvalid" time="0.001" classname="com.bankguru.user.User_03_ValidatRegisterForm"/>
</testsuite> <!-- com.bankguru.user.User_03_ValidatRegisterForm -->
