<?xml version="1.0" encoding="UTF-8"?>
<!-- Generated by org.testng.reporters.JUnitReportReporter -->
<testsuite hostname="DESKTOP-MAF25M2" name="com.bankguru.user.User_01_RegisterAndLoginToSystem" tests="2" failures="0" timestamp="23 Sep 2018 12:39:49 GMT" time="17.225" errors="0">
  <testcase name="TC_02_Login" time="7.460" classname="com.bankguru.user.User_01_RegisterAndLoginToSystem"/>
  <testcase name="TC_01_Rigister" time="9.765" classname="com.bankguru.user.User_01_RegisterAndLoginToSystem"/>
</testsuite> <!-- com.bankguru.user.User_01_RegisterAndLoginToSystem -->
